Qflow migration logfile created on Wed Apr 6 14:42:04 IST 2022
magic -dnull -noconsole  migrate_det_1011.tcl

Magic 8.3 revision 50 - Compiled on Wed Apr  6 10:58:01 IST 2022.
Starting magic under Tcl interpreter
Using the terminal as the console.
Using NULL graphics device.
Processing system .magicrc file
Input style lambda=0.30(p): scaleFactor=30, multiplier=1
Contact size value ignored (using GDS generation rules).
Contact size value ignored (using GDS generation rules).
Contact size value ignored (using GDS generation rules).
Contact size value ignored (using GDS generation rules).
Contact size value ignored (using GDS generation rules).
Contact size value ignored (using GDS generation rules).
4 Magic internal units = 1 Lambda
Loading "migrate_det_1011.tcl" from command line.
Root cell box:
           width x height  (   llx,  lly  ), (   urx,  ury  )

microns:    0.00 x 0.00    (  0.00,  0.00 ), (  0.00,  0.00 )
lambda:     0.00 x 0.00    (  0.00,  0.00 ), (  0.00,  0.00 )
internal:      0 x 0       (     0,  0    ), (     0,  0    )
Reading LEF data from file /usr/local/share/qflow/tech/osu050/osu050_stdcells.lef.
This action cannot be undone.
LEF read, Line 16 (Message): Unknown keyword "OBS" in LEF file; ignoring.
LEF read, Line 17 (Message): Unknown keyword "PIN" in LEF file; ignoring.
LEF read: Processed 3221 lines.
Reading DEF data from file det_1011.def.
This action cannot be undone.
  Processed 2 vias total.
  Processed 40 subcell instances total.
  Processed 4 pins total.
  Processed 27 nets total.
DEF read, Line 328 (Warning): Number of nets read (3) does not match the number declared (5).
DEF read: Processed 329 lines.
DEF Read: encountered 1 warning total.
Generating LEF output det_1011.lef for cell det_1011:
Diagnostic:  Write LEF header for cell det_1011
Diagnostic:  Writing LEF output for cell det_1011
Diagnostic:  Scale value is 0.075000
Extracting DFFPOSX1 into DFFPOSX1.ext:
Completed 100%
Extracting BUFX2 into BUFX2.ext:
Completed 100%
Extracting AND2X2 into AND2X2.ext:
Completed 100%
Extracting AOI21X1 into AOI21X1.ext:
Completed 100%
Extracting FILL into FILL.ext:
Completed 100%
Extracting NAND2X1 into NAND2X1.ext:
Completed 100%
Extracting NOR2X1 into NOR2X1.ext:
Completed 100%
Extracting INVX1 into INVX1.ext:
Completed 100%
Extracting OAI21X1 into OAI21X1.ext:
Completed 100%
Extracting det_1011 into det_1011.ext:
Completed 13%
Completed 19%
Completed 25%
Completed 31%
Completed 38%
Completed 44%
Completed 50%
Completed 56%
Completed 63%
Completed 69%
Completed 75%
Completed 81%
Completed 88%
Completed 94%
Completed 100%
exttospice finished.
Migration script ended on Wed Apr 6 14:42:04 IST 2022
