Qflow placement logfile created on Wed Apr 6 14:42:00 IST 2022
Running blif2cel to generate input files for graywolf
blif2cel.tcl --blif /home/vlsilab/vsdflow/qflow_experiments/synthesis/det_1011.blif  --lef  /usr/local/share/qflow/tech/osu050/osu050_stdcells.lef --cel /home/vlsilab/vsdflow/qflow_experiments/layout/det_1011.cel 
Opened BLIF file (/home/vlsilab/vsdflow/qflow_experiments/synthesis/det_1011.blif) for reading ...
Opened CEL file (/home/vlsilab/vsdflow/qflow_experiments/layout/det_1011.cel) for writing...
Loaded /usr/local/share/qflow/tech/osu050/osu050_stdcells.lef file for reading...
1st pass of blif file /home/vlsilab/vsdflow/qflow_experiments/synthesis/det_1011.blif. . .
Reading macros and/or technology data from LEF file. . .
LEF file specifies route layer Y pitch as 3
LEF file specifies route layer X pitch as 2.4
Parsing macro AND2X2
Parsing macro AOI21X1
Parsing macro BUFX2
Parsing macro DFFPOSX1
Parsing macro INVX1
Parsing macro NAND2X1
Parsing macro NOR2X1
Parsing macro OAI21X1
2nd pass of blif file. . .
3rd pass of blif file. . .
Done!
No det_1011.cel1 file found for project. . . no partial blockages to apply to layout.
No det_1011.cel2 file found for project. . . continuing without pin placement hints
Running GrayWolf placement
graywolf  det_1011

twflow version:2.1 date:Mon May 25 21:15:08 EDT 1992
Authors: Bill Swartz, Carl Sechen
         Yale University

syntax version:v1.1 date:Mon May 25 21:11:10 EDT 1992
TimberWolf System Syntax Checker
Authors: Carl Sechen, Kai-Win Lee, Bill Swartz,
         Dahe Chen, and Jimmy Lam
         Yale University

No syntax errors were found

syntax terminated normally with no errors and 0 warning[s]


----------------------------
Total stdcells     :21
Total cell width   :2.28e+04
Total cell height  :6.30e+04
Total cell area    :6.84e+07
Total core area    :6.84e+07
Average cell height:3.00e+03


nocut - replacement for Mincut version:v1.0 date:Mon May 25 21:09:40 EDT 1992
TimberWolf System Floorplan Setup Program
Authors: Carl Sechen, Bill Swartz,
         Yale University

Splitting det_1011.cel into det_1011.scel and det_1011.mcel...
	done!


nocut - replacement for Mincut terminated normally with no errors and 0 warning[s]


TimberWolfMC version:v2.2 date:Mon May 25 21:18:34 EDT 1992
Authors: Carl Sechen, Bill Swartz, Kai-Win Lee
         Dahe Chen, and Jimmy Lam
         Yale University

config version:v1.0 date:Mon May 25 20:57:18 EDT 1992
Row configuration program
    Yale University


config switches:
	Graphics mode on
	config will inherit window



config terminated normally with no errors and 0 warning[s]


TimberWolfMC terminated normally with no errors and 0 warning[s]



TimberWolfSC switches:
	Graphics mode on
	TimberWolfSC will inherit window

TimberWolfSC version:v6.0 date:Mon May 25 21:19:07 EDT 1992
Row-Based Placement and Global Routing Program
Authors: Carl Sechen, Kai-Win Lee, and Bill Swartz,
         Yale University
  0 
  1   2   3   4   5   6   7   8   9  10  11  12  13  14  15 
 16  17  18  19  20  21  22  23  24  25  26  27  28  29  30 
 31  32  33  34  35  36  37  38  39  40  41  42  43  44  45 
 46  47  48  49  50  51  52  53  54  55  56  57  58  59  60 
 61  62  63  64  65  66  67  68  69  70  71  72  73  74  75 
 76  77  78  79  80  81  82  83  84  85  86  87  88  89  90 
 91  92  93  94  95  96  97  98  99 100 101 102 103 104 105 
106 107 108 109 110 111 112 113 114 115 116 117 118 119 120 
121 122 123 124 125 126 127 128 129 130 131 132 133 134 135 
136 137 138 139 140 141 142 143 144 145 146 147 148 149 150 
151 152 153 
 block left edge is at -239
 the longest block length is 8640
 building the steiner trees
 rebuilding the steiner tree

----start doing coarse global routing ------ 
 ITERATION  1

  longest Row is:2   Its length is:7680
 doing feed-through pins assignment
 building the net-tree now !
 set up the global routing grids
 the starting value of tracks =   10
 removing redundant feed-through pins
 the connectivity of all the nets is verified

 block left edge is at -239
 the longest block length is 8640
 building the steiner trees
 rebuilding the steiner tree

----start doing coarse global routing ------ 
 ITERATION  1

  longest Row is:2   Its length is:7680
 doing feed-through pins assignment
 building the net-tree now !
 set up the global routing grids
 the starting value of tracks =    9
 removing redundant feed-through pins
 the connectivity of all the nets is verified

 block left edge is at -239
 the longest block length is 8640
 building the steiner trees
 rebuilding the steiner tree

----start doing coarse global routing ------ 
 ITERATION  1

  longest Row is:2   Its length is:7680
 doing feed-through pins assignment
 building the net-tree now !
 set up the global routing grids
 the starting value of tracks =   10
 removing redundant feed-through pins
 the connectivity of all the nets is verified

 block left edge is at -239
 the longest block length is 8640
 building the steiner trees
 rebuilding the steiner tree

----start doing coarse global routing ------ 
 ITERATION  1

  longest Row is:2   Its length is:7680
 doing feed-through pins assignment
 building the net-tree now !
 set up the global routing grids
 the starting value of tracks =    9
 removing redundant feed-through pins
 the connectivity of all the nets is verified

 block left edge is at -239
 the longest block length is 8640
 building the steiner trees
 rebuilding the steiner tree

----start doing coarse global routing ------ 
 ITERATION  1

  longest Row is:2   Its length is:7680
 doing feed-through pins assignment
 building the net-tree now !
 set up the global routing grids
 the starting value of tracks =   11
 removing redundant feed-through pins
 the connectivity of all the nets is verified

 block left edge is at -239
 the longest block length is 8640
 building the steiner trees
 rebuilding the steiner tree

----start doing coarse global routing ------ 
 ITERATION  1

  longest Row is:2   Its length is:7680
 doing feed-through pins assignment
 building the net-tree now !
 set up the global routing grids
 the starting value of tracks =    9
 removing redundant feed-through pins
 the connectivity of all the nets is verified

 block left edge is at -239
 the longest block length is 8640
 building the steiner trees
 rebuilding the steiner tree

----start doing coarse global routing ------ 
 ITERATION  1

  longest Row is:2   Its length is:7680
 doing feed-through pins assignment
 building the net-tree now !
 set up the global routing grids
 the starting value of tracks =   10
 removing redundant feed-through pins
 the connectivity of all the nets is verified

 block left edge is at -239
 the longest block length is 8640
 building the steiner trees
 rebuilding the steiner tree

----start doing coarse global routing ------ 
 ITERATION  1

  longest Row is:2   Its length is:7680
 doing feed-through pins assignment
 building the net-tree now !
 set up the global routing grids
 the starting value of tracks =    9
 removing redundant feed-through pins
 the connectivity of all the nets is verified


***********************************************
*ACTUAL* FINAL NUMBER OF ROUTING TRACKS: 8
***********************************************


TimberWolfSC terminated normally with no errors and 0 warning[s]


twflow terminated normally with no errors and 0 warning[s]

Running getfillcell to determine cell to use for fill.
getfillcell.tcl det_1011  /usr/local/share/qflow/tech/osu050/osu050_stdcells.lef FILL
Using cell FILL for fill
Running place2def to translate graywolf output to DEF format.
place2def.tcl det_1011 FILL 
Running place2def.tcl
DEF database: 100 units per micron
Limits: xbot = -645.0 ybot = -300 xtop = 7845.0 ytop = 9195.0
Core values: 120.0 150.0 7800.0 9150.0
Offsets: 120.0 150.0
3 routing layers
metal1: 33 vertical tracks from 0um with 3um pitch
metal2: 37 vertical tracks from -4.8um with 2.4um pitch
metal3: 17 vertical tracks from 0um with 6um pitch
Summary: Total components = 21
  Fill cells  = 0
  Other cells = 21
Done with place2def.tcl
Running addspacers to generate power stripes and align cell right edge
addspacers.tcl  -stripe 8.0 225.0 PG det_1011  /usr/local/share/qflow/tech/osu050/osu050_stdcells.lef FILL
Reading FILL macros from LEF file.
Reading DEF file det_1011.def. . .
Number of rows is 3
Longest row has width 78.0 um
addspacers:  No room for stripes, pitch reduced from 22320.0 to 3696.0.
addspacers:  Inserting 2 stripes of width 7.2 um (8.0 um requested)
  Pitch 36.96 um, offset 19.2 um
stretch:  Number of components is 40
Analysis of DEF file:
Number of components = 21
New number of components = 40
Number of rows = 3
Adjusting obstructions for power striping
Warning:  No vertical routing layer at metal 3 or above
Only posts will be placed, and not connected
Done with addspacers.tcl
Running arrangepins to adjust pin positions for optimal routing.
arrangepins.tcl  det_1011
Reading info file det_1011.info. . .
Reading DEF file det_1011.def. . .
Recalculating pin positions
Writing DEF file det_1011_mod.def. . .
Done with arrangepins.tcl
blifanno.tcl /home/vlsilab/vsdflow/qflow_experiments/synthesis/det_1011.blif det_1011.def /home/vlsilab/vsdflow/qflow_experiments/synthesis/det_1011_anno.blif
Running blifanno.tcl
Reading DEF file det_1011.def. . .
Done with blifanno.tcl

Generating RTL verilog and SPICE netlist file in directory
   /home/vlsilab/vsdflow/qflow_experiments/synthesis
Files:
   Verilog: /home/vlsilab/vsdflow/qflow_experiments/synthesis/det_1011.rtl.v
   Verilog: /home/vlsilab/vsdflow/qflow_experiments/synthesis/det_1011.rtlnopwr.v
   Verilog: /home/vlsilab/vsdflow/qflow_experiments/synthesis/det_1011.rtlbb.v
   Spice:   /home/vlsilab/vsdflow/qflow_experiments/synthesis/det_1011.spc

Running blif2Verilog.
Running blif2BSpice.
Placement script ended on Wed Apr 6 14:42:02 IST 2022
